<?xml version="1.0" encoding="UTF-8"?>
<testsuite name="mit.spbau.ru.LazyFactoryTest" tests="1" skipped="0" failures="0" errors="0" timestamp="2016-02-11T21:46:54" hostname="amazinghorse-pc" time="0.002">
  <properties/>
  <testcase name="easyTest" classname="mit.spbau.ru.LazyFactoryTest" time="0.002"/>
  <system-out><![CDATA[]]></system-out>
  <system-err><![CDATA[]]></system-err>
</testsuite>
