<?xml version="1.0" encoding="UTF-8"?>
<testsuite name="mit.spbau.ru.LazyFactoryTest" tests="4" skipped="0" failures="0" errors="0" timestamp="2016-02-14T17:02:04" hostname="amazinghorse-pc" time="0.321">
  <properties/>
  <testcase name="nullTest" classname="mit.spbau.ru.LazyFactoryTest" time="0.005"/>
  <testcase name="createLazyConcurrentAtomicTest" classname="mit.spbau.ru.LazyFactoryTest" time="0.206"/>
  <testcase name="createLazyTest" classname="mit.spbau.ru.LazyFactoryTest" time="0.0"/>
  <testcase name="createLazyConcurrentTest" classname="mit.spbau.ru.LazyFactoryTest" time="0.109"/>
  <system-out><![CDATA[]]></system-out>
  <system-err><![CDATA[]]></system-err>
</testsuite>
