<?xml version="1.0" encoding="UTF-8"?>
<testsuite name="mit.spbau.ru.LazyFactoryTest" tests="4" skipped="0" failures="0" errors="0" timestamp="2016-02-14T14:17:28" hostname="amazinghorse-pc" time="0.252">
  <properties/>
  <testcase name="nullTest" classname="mit.spbau.ru.LazyFactoryTest" time="0.003"/>
  <testcase name="createLazyConcurrentAtomicTest" classname="mit.spbau.ru.LazyFactoryTest" time="0.145"/>
  <testcase name="createLazyTest" classname="mit.spbau.ru.LazyFactoryTest" time="0.0"/>
  <testcase name="createLazyConcurrentTest" classname="mit.spbau.ru.LazyFactoryTest" time="0.103"/>
  <system-out><![CDATA[]]></system-out>
  <system-err><![CDATA[]]></system-err>
</testsuite>
