<?xml version="1.0" encoding="UTF-8"?>
<testsuite name="mit.spbau.ru.Tester" tests="1" skipped="0" failures="0" errors="0" timestamp="2016-03-14T20:17:59" hostname="amazinghorse-pc" time="0.023">
  <properties/>
  <testcase name="testing" classname="mit.spbau.ru.Tester" time="0.023"/>
  <system-out><![CDATA[]]></system-out>
  <system-err><![CDATA[testing]]></system-err>
</testsuite>
